[info] - 18-01-24 02:27:34 - Server is running on http://localhost:8000
[error] - 18-01-24 02:29:16 - 500 - Error!!! - /users/error - GET - ::ffff:127.0.0.1
[error] - 18-01-24 02:29:21 - 500 - Error!!! - /users/error - GET - ::ffff:127.0.0.1
[error] - 18-01-24 02:29:21 - 500 - Error!!! - /users/error - GET - ::ffff:127.0.0.1
[error] - 18-01-24 02:29:22 - 500 - Error!!! - /users/error - GET - ::ffff:127.0.0.1
[info] - 18-01-24 02:30:07 - Server is running on http://localhost:8000
[info] - 18-01-24 02:30:46 - Server is running on http://localhost:8000
[info] - 18-01-24 02:31:14 - Server is running on http://localhost:8000
[info] - 18-01-24 02:31:30 - Server is running on http://localhost:8000
[info] - 18-01-24 02:31:36 - Server is running on http://localhost:8000
[info] - 18-01-24 02:32:20 - Server is running on http://localhost:8000
[info] - 18-01-24 02:32:24 - Server is running on http://localhost:8000
[info] - 18-01-24 02:32:28 - Server is running on http://localhost:8000
[info] - 18-01-24 02:32:34 - Server is running on http://localhost:8000
[info] - 18-01-24 02:34:29 - Server is running on http://localhost:8000
[info] - 18-01-24 02:41:50 - Server is running on http://localhost:8000
[info] - 18-01-24 02:42:09 - Server is running on http://localhost:8000
[info] - 18-01-24 02:42:20 - Server is running on http://localhost:8000
[info] - 18-01-24 02:52:06 - Server is running on http://localhost:8000
[info] - 18-01-24 02:52:31 - Server is running on http://localhost:8000
[info] - 18-01-24 02:53:22 - Server is running on http://localhost:8000
[info] - 18-01-24 02:53:47 - Server is running on http://localhost:8000
[info] - 18-01-24 02:54:56 - Server is running on http://localhost:8000
[info] - 18-01-24 02:55:42 - Server is running on http://localhost:8000
[info] - 18-01-24 02:55:59 - Server is running on http://localhost:8000
[info] - 18-01-24 02:57:03 - Server is running on http://localhost:8000
[info] - 18-01-24 02:57:56 - Server is running on http://localhost:8000
[info] - 18-01-24 02:58:34 - Server is running on http://localhost:8000
[info] - 18-01-24 02:59:05 - Server is running on http://localhost:8000
[info] - 18-01-24 02:59:21 - Server is running on http://localhost:8000
[info] - 20-01-24 01:52:14 - Server is running on http://localhost:8000
[info] - 20-01-24 01:57:38 - Server is running on http://localhost:8000
[info] - 20-01-24 01:58:16 - Server is running on http://localhost:8000
[info] - 20-01-24 02:01:50 - Server is running on http://localhost:8000
[info] - 20-01-24 02:03:05 - Server is running on http://localhost:8000
[info] - 20-01-24 02:12:58 - Server is running on http://localhost:8000
[info] - 20-01-24 02:13:43 - Server is running on http://localhost:8000
[info] - 20-01-24 02:15:33 - Server is running on http://localhost:8000
[info] - 20-01-24 02:35:54 - Server is running on http://localhost:8000
[info] - 20-01-24 10:06:51 - Server is running on http://localhost:8000
[info] - 20-01-24 10:06:58 - Server is running on http://localhost:8000
[info] - 20-01-24 10:07:45 - Server is running on http://localhost:8000
[info] - 20-01-24 10:10:17 - Server is running on http://localhost:8000
[info] - 20-01-24 10:10:31 - Server is running on http://localhost:8000
[info] - 20-01-24 10:10:31 - Server is running on http://localhost:8000
[info] - 20-01-24 10:11:14 - Server is running on http://localhost:8000
[info] - 20-01-24 10:12:52 - Server is running on http://localhost:8000
[info] - 20-01-24 10:13:51 - Server is running on http://localhost:8000
[info] - 20-01-24 10:14:16 - Server is running on http://localhost:8000
[info] - 20-01-24 10:15:07 - Server is running on http://localhost:8000
[info] - 20-01-24 10:15:27 - Server is running on http://localhost:8000
[info] - 20-01-24 10:16:09 - Server is running on http://localhost:8000
[info] - 20-01-24 10:31:22 - Server is running on http://localhost:8000
[info] - 20-01-24 10:32:03 - Server is running on http://localhost:8000
[info] - 20-01-24 10:33:02 - Server is running on http://localhost:8000
[info] - 20-01-24 10:33:08 - Server is running on http://localhost:8000
[info] - 20-01-24 10:33:25 - Server is running on http://localhost:8000
[info] - 20-01-24 10:33:33 - Server is running on http://localhost:8000
[info] - 20-01-24 10:35:13 - Server is running on http://localhost:8000
[info] - 20-01-24 10:35:40 - Server is running on http://localhost:8000
[info] - 20-01-24 10:36:14 - Server is running on http://localhost:8000
[info] - 20-01-24 10:38:00 - Server is running on http://localhost:8000
[info] - 20-01-24 10:38:38 - Server is running on http://localhost:8000
[info] - 20-01-24 10:38:56 - Server is running on http://localhost:8000
[info] - 20-01-24 10:39:05 - Server is running on http://localhost:8000
[info] - 20-01-24 10:44:04 - Server is running on http://localhost:8000
[info] - 20-01-24 10:44:25 - Server is running on http://localhost:8000
[info] - 20-01-24 10:48:22 - Server is running on http://localhost:8000
[info] - 20-01-24 10:49:00 - Server is running on http://localhost:8000
[info] - 20-01-24 10:49:04 - Server is running on http://localhost:8000
[info] - 20-01-24 10:49:08 - Server is running on http://localhost:8000
[info] - 20-01-24 10:55:01 - Server is running on http://localhost:8000
[info] - 20-01-24 10:55:55 - Server is running on http://localhost:8000
[info] - 20-01-24 10:55:58 - Server is running on http://localhost:8000
[info] - 20-01-24 10:56:48 - Server is running on http://localhost:8000
[info] - 20-01-24 10:57:51 - Server is running on http://localhost:8000
[info] - 20-01-24 10:58:21 - Server is running on http://localhost:8000
[info] - 20-01-24 10:58:37 - Server is running on http://localhost:8000
[info] - 20-01-24 10:58:47 - Server is running on http://localhost:8000
[info] - 20-01-24 10:59:51 - Server is running on http://localhost:8000
[info] - 20-01-24 11:00:19 - Server is running on http://localhost:8000
[info] - 20-01-24 11:01:06 - Server is running on http://localhost:8000
[info] - 20-01-24 11:01:16 - Server is running on http://localhost:8000
[info] - 20-01-24 11:01:27 - Server is running on http://localhost:8000
[info] - 20-01-24 11:02:05 - Server is running on http://localhost:8000
[info] - 20-01-24 11:02:21 - Server is running on http://localhost:8000
[info] - 20-01-24 11:02:59 - Server is running on http://localhost:8000
[info] - 20-01-24 11:03:04 - Server is running on http://localhost:8000
[info] - 20-01-24 11:03:44 - Server is running on http://localhost:8000
[info] - 20-01-24 11:04:04 - Server is running on http://localhost:8000
[info] - 20-01-24 11:04:32 - Server is running on http://localhost:8000
[info] - 20-01-24 11:04:40 - Server is running on http://localhost:8000
[info] - 20-01-24 11:12:42 - Server is running on http://localhost:8000
[info] - 20-01-24 11:13:29 - Server is running on http://localhost:8000
[info] - 20-01-24 11:14:16 - Server is running on http://localhost:8000
[info] - 20-01-24 11:14:25 - Paylaod test123
[info] - 20-01-24 11:14:52 - Server is running on http://localhost:8000
[info] - 20-01-24 11:15:23 - Server is running on http://localhost:8000
[info] - 20-01-24 11:15:26 - Payload [object Object]
[info] - 20-01-24 11:15:49 - Server is running on http://localhost:8000
[info] - 20-01-24 11:15:53 - Payload pathumsenanayake@proton.me = test123
[info] - 20-01-24 11:16:20 - Server is running on http://localhost:8000
[info] - 20-01-24 11:16:25 - Payload: pathumsenanayake@proton.me = test123
[info] - 20-01-24 11:18:02 - Payload: pathumsenanayake@proton.me = test123
[info] - 20-01-24 11:21:30 - Payload: pathumsenanayake@proton.me = test123
[info] - 20-01-24 11:21:54 - Server is running on http://localhost:8000
[info] - 20-01-24 11:21:58 - Payload: pathumsenanayake@proton.me = test123
[info] - 20-01-24 16:17:24 - Server is running on http://localhost:8000
[info] - 20-01-24 16:18:11 - Server is running on http://localhost:8000
[info] - 20-01-24 16:18:27 - Server is running on http://localhost:8000
[info] - 20-01-24 16:18:32 - Payload: pathumsenanayake@proton.me = test123
[info] - 20-01-24 17:10:12 - Payload: pathumsenanayake@proton.me = test123
[info] - 20-01-24 17:11:12 - Payload: pathumsenanayake@proton.me = test123
[info] - 20-01-24 17:12:21 - Server is running on http://localhost:8000
[info] - 20-01-24 17:13:35 - Server is running on http://localhost:8000
[info] - 20-01-24 17:14:59 - Server is running on http://localhost:8000
[info] - 20-01-24 17:15:07 - Payload: pathumsenanayake@proton.me = test123
[info] - 20-01-24 17:15:09 - Register Start
[info] - 20-01-24 17:15:09 - Register Mid
[info] - 20-01-24 17:15:54 - Server is running on http://localhost:8000
[info] - 20-01-24 17:15:57 - Payload: pathumsenanayake@proton.me = test123
[info] - 20-01-24 17:15:58 - null
[info] - 20-01-24 17:15:58 - Register Start
[info] - 20-01-24 17:15:58 - Register Mid
[info] - 20-01-24 17:16:31 - Server is running on http://localhost:8000
[info] - 20-01-24 17:16:34 - Payload: pathumsenanayake@proton.me = test123
[info] - 20-01-24 17:16:36 - null
[info] - 20-01-24 17:16:36 - Register Start
[info] - 20-01-24 17:16:36 - Register Mid
[info] - 20-01-24 17:16:36 - name: Pathum Senanayake, username: Pinkz, role: CLIENT, pass: $2b$10$J39jbuXgdWuYwwh9NpeyuO3GppusdtEMRDYyCj0J25wNo5vQg3JdW
[info] - 20-01-24 17:16:37 - POST - /auth/register
[info] - 20-01-24 17:18:13 - Payload: pathumsenanayake@proton.me = test123
[info] - 20-01-24 17:18:14 - [object Object]
[info] - 20-01-24 17:18:14 - Register Start
[error] - 20-01-24 17:18:14 - 400 - A user with the email: pathumsenanayake@proton.me, already exists. - /auth/register - POST - ::ffff:127.0.0.1
[info] - 20-01-24 17:18:14 - Register Mid
[info] - 20-01-24 17:18:14 - name: Pathum Senanayake, username: Pinkz, role: CLIENT, pass: $2b$10$lHZZVp.lm26nsthYcEda1.AHKoGN9BY3giD654ntTZKRXJO.3Ooy.
[info] - 20-01-24 17:18:14 - POST - /auth/register
[info] - 20-01-24 17:19:00 - Payload: pathumsenanayake@proton.me = test123
[info] - 20-01-24 17:19:00 - [object Object]
[info] - 20-01-24 17:19:00 - Register Start
[error] - 20-01-24 17:19:00 - 400 - A user with the email: pathumsenanayake@proton.me, already exists. - /auth/register - POST - ::ffff:127.0.0.1
[info] - 20-01-24 17:19:00 - Register Mid
[info] - 20-01-24 17:19:00 - name: Pathum Senanayake, username: Pinkz, role: CLIENT, pass: $2b$10$Nxo2kNbIHfXr4CWhJxXS/O/FcU00dtEmyo2J2LkIsWhvCVmwMJY/G
[info] - 20-01-24 17:19:01 - POST - /auth/register
[info] - 20-01-24 17:20:16 - Server is running on http://localhost:8000
[info] - 20-01-24 17:20:22 - Payload: pathumsenanayake@proton.me = test123
[info] - 20-01-24 17:20:24 - null
[info] - 20-01-24 17:20:24 - Register Start
[info] - 20-01-24 17:20:24 - Register Mid
[info] - 20-01-24 17:20:24 - name: Pathum Senanayake, username: Pinkz, address: [object Object], role: CLIENT, pass: $2b$10$SJK.fbFAIZzE9/jNKAzxtONeyTUTtr6Zj/NC.v0yBQK8Am8Hhbu1W
[info] - 20-01-24 17:20:24 - POST - /auth/register
[info] - 20-01-24 17:22:41 - Server is running on http://localhost:8000
[info] - 20-01-24 17:23:04 - Payload: pathumsenanayake@proton.me = test123
[info] - 20-01-24 17:23:07 - POST - /auth/register
[info] - 20-01-24 17:24:00 - Server is running on http://localhost:8000
[info] - 20-01-24 17:24:36 - Payload: pathumsenanayake@proton.me = test123
[info] - 20-01-24 17:24:38 - POST - /auth/register
[info] - 20-01-24 17:27:32 - Server is running on http://localhost:8000
[info] - 20-01-24 17:27:49 - Server is running on http://localhost:8000
[info] - 20-01-24 17:29:03 - POST - /auth/login
[error] - 20-01-24 17:30:04 - 401 - Unauthorized - /users - GET - ::ffff:127.0.0.1
[info] - 20-01-24 17:35:26 - Server is running on http://localhost:8000
[info] - 20-01-24 17:35:47 - Server is running on http://localhost:8000
[info] - 20-01-24 20:55:17 - Server is running on http://localhost:8000
[error] - 20-01-24 20:55:27 - 401 - Invalid Token - /users - GET - ::ffff:127.0.0.1
[error] - 20-01-24 20:55:36 - 401 - Invalid Token - /users - GET - ::ffff:127.0.0.1
[info] - 21-01-24 04:17:25 - Server is running on http://localhost:8000
[info] - 21-01-24 04:19:09 - Server is running on http://localhost:8000
[info] - 21-01-24 04:20:17 - Server is running on http://localhost:8000
[info] - 21-01-24 04:21:20 - Server is running on http://localhost:8000
[info] - 21-01-24 04:22:09 - Server is running on http://localhost:8000
[error] - 21-01-24 04:22:18 - 500 - username is not defined - /auth/login - POST - ::ffff:127.0.0.1
[info] - 21-01-24 04:22:57 - Server is running on http://localhost:8000
[error] - 21-01-24 04:23:21 - 500 - username is not defined - /auth/login - POST - ::ffff:127.0.0.1
[info] - 21-01-24 04:23:57 - Server is running on http://localhost:8000
[info] - 21-01-24 04:24:03 - Server is running on http://localhost:8000
[error] - 21-01-24 04:24:08 - 500 - username is not defined - /auth/login - POST - ::ffff:127.0.0.1
[info] - 21-01-24 04:24:39 - Server is running on http://localhost:8000
[error] - 21-01-24 04:24:44 - 500 - username is not defined - /auth/login - POST - ::ffff:127.0.0.1
[info] - 21-01-24 04:25:20 - Server is running on http://localhost:8000
[info] - 21-01-24 04:25:31 - Server is running on http://localhost:8000
[info] - 21-01-24 04:25:40 - Server is running on http://localhost:8000
[info] - 21-01-24 04:25:45 - 200 - User Pinkz Logged In - /auth/login - POST
[info] - 21-01-24 04:26:30 - Server is running on http://localhost:8000
[info] - 21-01-24 04:27:40 - Server is running on http://localhost:8000
[info] - 21-01-24 04:28:34 - Server is running on http://localhost:8000
[info] - 21-01-24 04:28:56 - Server is running on http://localhost:8000
[info] - 21-01-24 04:29:10 - Server is running on http://localhost:8000
[info] - 21-01-24 04:30:18 - Server is running on http://localhost:8000
[info] - 21-01-24 04:30:56 - Server is running on http://localhost:8000
[info] - 22-01-24 12:45:32 - Server is running on http://localhost:8000
